[2018-03-23 18:01:22,268] TRACE [Controller 0]: Checking need to trigger auto leader balancing (kafka.controller.KafkaController)
[2018-03-23 18:01:23,220] DEBUG [Controller 0]: Preferred replicas by broker Map() (kafka.controller.KafkaController)
[2018-03-23 18:06:23,221] TRACE [Controller 0]: Checking need to trigger auto leader balancing (kafka.controller.KafkaController)
[2018-03-23 18:06:23,254] DEBUG [Controller 0]: Preferred replicas by broker Map() (kafka.controller.KafkaController)
[2018-03-23 18:10:11,647] DEBUG [Controller 0]: Controller resigning, broker id 0 (kafka.controller.KafkaController)
[2018-03-23 18:10:12,261] DEBUG [Controller 0]: De-registering IsrChangeNotificationListener (kafka.controller.KafkaController)
[2018-03-23 18:10:13,114] INFO [Partition state machine on Controller 0]: Stopped partition state machine (kafka.controller.PartitionStateMachine)
[2018-03-23 18:10:13,411] INFO [Replica state machine on controller 0]: Stopped replica state machine (kafka.controller.ReplicaStateMachine)
[2018-03-23 18:10:13,984] INFO [Controller-0-to-broker-0-send-thread]: Shutting down (kafka.controller.RequestSendThread)
[2018-03-23 18:10:14,653] INFO [Controller-0-to-broker-0-send-thread]: Shutdown completed (kafka.controller.RequestSendThread)
[2018-03-23 18:10:14,681] INFO [Controller-0-to-broker-0-send-thread]: Stopped (kafka.controller.RequestSendThread)
[2018-03-23 18:10:18,816] INFO [Controller 0]: Broker 0 resigned as the controller (kafka.controller.KafkaController)
[2018-03-23 18:10:19,806] INFO [Controller 0]: 0 successfully elected as the controller (kafka.controller.KafkaController)
[2018-03-23 18:10:20,189] INFO [Controller 0]: Broker 0 starting become controller state transition (kafka.controller.KafkaController)
[2018-03-23 18:10:20,308] INFO [Controller 0]: Initialized controller epoch to 4 and zk version 3 (kafka.controller.KafkaController)
[2018-03-23 18:10:20,744] INFO [Controller 0]: Controller 0 incremented epoch to 5 (kafka.controller.KafkaController)
[2018-03-23 18:10:20,774] DEBUG [Controller 0]: Registering IsrChangeNotificationListener (kafka.controller.KafkaController)
[2018-03-23 18:10:29,868] DEBUG [Channel manager on controller 0]: Controller 0 trying to connect to broker 0 (kafka.controller.ControllerChannelManager)
[2018-03-23 18:10:32,242] INFO [Controller 0]: Partitions being reassigned: Map() (kafka.controller.KafkaController)
[2018-03-23 18:10:32,325] INFO [Controller 0]: Partitions already reassigned: Set() (kafka.controller.KafkaController)
[2018-03-23 18:10:32,336] INFO [Controller-0-to-broker-0-send-thread]: Starting (kafka.controller.RequestSendThread)
[2018-03-23 18:10:32,348] INFO [Controller 0]: Resuming reassignment of partitions: Map() (kafka.controller.KafkaController)
[2018-03-23 18:10:32,392] INFO [Controller 0]: Currently active brokers in the cluster: Set(0) (kafka.controller.KafkaController)
[2018-03-23 18:10:32,400] INFO [Controller 0]: Currently shutting brokers in the cluster: Set() (kafka.controller.KafkaController)
[2018-03-23 18:10:32,402] INFO [Controller 0]: Current list of topics in the cluster: Set() (kafka.controller.KafkaController)
[2018-03-23 18:10:32,585] INFO [Controller 0]: List of topics to be deleted:  (kafka.controller.KafkaController)
[2018-03-23 18:10:32,586] INFO [Controller 0]: List of topics ineligible for deletion:  (kafka.controller.KafkaController)
[2018-03-23 18:10:33,438] INFO [Replica state machine on controller 0]: Started replica state machine with initial state -> Map() (kafka.controller.ReplicaStateMachine)
[2018-03-23 18:10:33,463] INFO [Controller-0-to-broker-0-send-thread]: Controller 0 connected to knoldus-Vostro-3550:9092 (id: 0 rack: null) for sending state change requests (kafka.controller.RequestSendThread)
[2018-03-23 18:10:33,633] INFO [Partition state machine on Controller 0]: Started partition state machine with initial state -> Map() (kafka.controller.PartitionStateMachine)
[2018-03-23 18:10:33,634] INFO [Controller 0]: Broker 0 is ready to serve as the new controller with epoch 5 (kafka.controller.KafkaController)
[2018-03-23 18:10:33,766] INFO [Controller 0]: Partitions undergoing preferred replica election:  (kafka.controller.KafkaController)
[2018-03-23 18:10:33,783] INFO [Controller 0]: Partitions that completed preferred replica election:  (kafka.controller.KafkaController)
[2018-03-23 18:10:33,784] INFO [Controller 0]: Skipping preferred replica election for partitions due to topic deletion:  (kafka.controller.KafkaController)
[2018-03-23 18:10:33,784] INFO [Controller 0]: Resuming preferred replica election for partitions:  (kafka.controller.KafkaController)
[2018-03-23 18:10:33,784] INFO [Controller 0]: Starting preferred replica leader election for partitions  (kafka.controller.KafkaController)
[2018-03-23 18:10:33,883] INFO [Partition state machine on Controller 0]: Invoking state change to OnlinePartition for partitions  (kafka.controller.PartitionStateMachine)
[2018-03-23 18:10:34,281] INFO [Controller 0]: starting the controller scheduler (kafka.controller.KafkaController)
[2018-03-23 18:10:49,509] INFO [Controller 0]: Newly added brokers: , deleted brokers: , all live brokers: 0 (kafka.controller.KafkaController)
[2018-03-23 18:10:49,881] DEBUG [Controller 0]: Delete topics listener fired for topics  to be deleted (kafka.controller.KafkaController)
[2018-03-23 18:10:49,910] INFO [Controller 0]: New topics: [Set()], deleted topics: [Set()], new partition replica assignment [Map()] (kafka.controller.KafkaController)
[2018-03-23 18:10:54,198] DEBUG [Controller 0]: Broker 0 has been elected as the controller, so stopping the election process. (kafka.controller.KafkaController)
[2018-03-23 18:10:54,198] TRACE [Controller 0]: Checking need to trigger auto leader balancing (kafka.controller.KafkaController)
[2018-03-23 18:10:54,236] DEBUG [Controller 0]: Preferred replicas by broker Map() (kafka.controller.KafkaController)
[2018-03-23 18:14:23,896] DEBUG [Controller 0]: Controller resigning, broker id 0 (kafka.controller.KafkaController)
[2018-03-23 18:14:24,369] DEBUG [Controller 0]: De-registering IsrChangeNotificationListener (kafka.controller.KafkaController)
[2018-03-23 18:14:25,235] INFO [Partition state machine on Controller 0]: Stopped partition state machine (kafka.controller.PartitionStateMachine)
[2018-03-23 18:14:25,236] INFO [Replica state machine on controller 0]: Stopped replica state machine (kafka.controller.ReplicaStateMachine)
[2018-03-23 18:14:25,236] INFO [Controller-0-to-broker-0-send-thread]: Shutting down (kafka.controller.RequestSendThread)
[2018-03-23 18:14:25,256] INFO [Controller-0-to-broker-0-send-thread]: Stopped (kafka.controller.RequestSendThread)
[2018-03-23 18:14:25,404] INFO [Controller-0-to-broker-0-send-thread]: Shutdown completed (kafka.controller.RequestSendThread)
[2018-03-23 18:14:26,754] INFO [Controller 0]: Broker 0 resigned as the controller (kafka.controller.KafkaController)
[2018-03-23 18:14:27,927] INFO [Controller 0]: 0 successfully elected as the controller (kafka.controller.KafkaController)
[2018-03-23 18:14:27,960] INFO [Controller 0]: Broker 0 starting become controller state transition (kafka.controller.KafkaController)
[2018-03-23 18:14:28,367] INFO [Controller 0]: Initialized controller epoch to 5 and zk version 4 (kafka.controller.KafkaController)
[2018-03-23 18:14:28,559] INFO [Controller 0]: Controller 0 incremented epoch to 6 (kafka.controller.KafkaController)
[2018-03-23 18:14:28,560] DEBUG [Controller 0]: Registering IsrChangeNotificationListener (kafka.controller.KafkaController)
[2018-03-23 18:14:38,571] DEBUG [Channel manager on controller 0]: Controller 0 trying to connect to broker 0 (kafka.controller.ControllerChannelManager)
[2018-03-23 18:14:39,486] INFO [Controller 0]: Partitions being reassigned: Map() (kafka.controller.KafkaController)
[2018-03-23 18:14:39,488] INFO [Controller 0]: Partitions already reassigned: Set() (kafka.controller.KafkaController)
[2018-03-23 18:14:39,488] INFO [Controller 0]: Resuming reassignment of partitions: Map() (kafka.controller.KafkaController)
[2018-03-23 18:14:39,489] INFO [Controller 0]: Currently active brokers in the cluster: Set(0) (kafka.controller.KafkaController)
[2018-03-23 18:14:39,492] INFO [Controller 0]: Currently shutting brokers in the cluster: Set() (kafka.controller.KafkaController)
[2018-03-23 18:14:39,492] INFO [Controller 0]: Current list of topics in the cluster: Set() (kafka.controller.KafkaController)
[2018-03-23 18:14:39,534] INFO [Controller 0]: List of topics to be deleted:  (kafka.controller.KafkaController)
[2018-03-23 18:14:39,534] INFO [Controller 0]: List of topics ineligible for deletion:  (kafka.controller.KafkaController)
[2018-03-23 18:14:39,928] INFO [Replica state machine on controller 0]: Started replica state machine with initial state -> Map() (kafka.controller.ReplicaStateMachine)
[2018-03-23 18:14:39,928] INFO [Partition state machine on Controller 0]: Started partition state machine with initial state -> Map() (kafka.controller.PartitionStateMachine)
[2018-03-23 18:14:40,028] INFO [Controller-0-to-broker-0-send-thread]: Starting (kafka.controller.RequestSendThread)
[2018-03-23 18:14:40,107] INFO [Controller 0]: Broker 0 is ready to serve as the new controller with epoch 6 (kafka.controller.KafkaController)
[2018-03-23 18:14:41,204] INFO [Controller 0]: Partitions undergoing preferred replica election:  (kafka.controller.KafkaController)
[2018-03-23 18:14:41,204] INFO [Controller 0]: Partitions that completed preferred replica election:  (kafka.controller.KafkaController)
[2018-03-23 18:14:41,349] INFO [Controller 0]: Skipping preferred replica election for partitions due to topic deletion:  (kafka.controller.KafkaController)
[2018-03-23 18:14:41,349] INFO [Controller 0]: Resuming preferred replica election for partitions:  (kafka.controller.KafkaController)
[2018-03-23 18:14:41,747] INFO [Controller-0-to-broker-0-send-thread]: Controller 0 connected to knoldus-Vostro-3550:9092 (id: 0 rack: null) for sending state change requests (kafka.controller.RequestSendThread)
[2018-03-23 18:14:41,747] INFO [Controller 0]: Starting preferred replica leader election for partitions  (kafka.controller.KafkaController)
[2018-03-23 18:14:47,859] INFO [Partition state machine on Controller 0]: Invoking state change to OnlinePartition for partitions  (kafka.controller.PartitionStateMachine)
[2018-03-23 18:14:50,061] INFO [Controller 0]: starting the controller scheduler (kafka.controller.KafkaController)
[2018-03-23 18:14:57,930] INFO [Controller 0]: Newly added brokers: , deleted brokers: , all live brokers: 0 (kafka.controller.KafkaController)
[2018-03-23 18:14:57,954] DEBUG [Controller 0]: Delete topics listener fired for topics  to be deleted (kafka.controller.KafkaController)
[2018-03-23 18:14:57,997] INFO [Controller 0]: New topics: [Set()], deleted topics: [Set()], new partition replica assignment [Map()] (kafka.controller.KafkaController)
[2018-03-23 18:14:57,999] DEBUG [Controller 0]: Controller resigning, broker id 0 (kafka.controller.KafkaController)
[2018-03-23 18:14:57,999] DEBUG [Controller 0]: De-registering IsrChangeNotificationListener (kafka.controller.KafkaController)
[2018-03-23 18:14:58,000] INFO [Partition state machine on Controller 0]: Stopped partition state machine (kafka.controller.PartitionStateMachine)
[2018-03-23 18:14:58,126] INFO [Replica state machine on controller 0]: Stopped replica state machine (kafka.controller.ReplicaStateMachine)
[2018-03-23 18:14:58,126] INFO [Controller-0-to-broker-0-send-thread]: Shutting down (kafka.controller.RequestSendThread)
[2018-03-23 18:14:58,127] INFO [Controller-0-to-broker-0-send-thread]: Shutdown completed (kafka.controller.RequestSendThread)
[2018-03-23 18:14:58,127] INFO [Controller-0-to-broker-0-send-thread]: Stopped (kafka.controller.RequestSendThread)
[2018-03-23 18:14:58,699] INFO [Controller 0]: Broker 0 resigned as the controller (kafka.controller.KafkaController)
[2018-03-23 18:14:58,993] INFO [Controller 0]: 0 successfully elected as the controller (kafka.controller.KafkaController)
[2018-03-23 18:14:58,996] INFO [Controller 0]: Broker 0 starting become controller state transition (kafka.controller.KafkaController)
[2018-03-23 18:14:59,164] INFO [Controller 0]: Initialized controller epoch to 6 and zk version 5 (kafka.controller.KafkaController)
[2018-03-23 18:14:59,306] INFO [Controller 0]: Controller 0 incremented epoch to 7 (kafka.controller.KafkaController)
[2018-03-23 18:14:59,414] DEBUG [Controller 0]: Registering IsrChangeNotificationListener (kafka.controller.KafkaController)
[2018-03-23 18:15:13,105] DEBUG [Channel manager on controller 0]: Controller 0 trying to connect to broker 0 (kafka.controller.ControllerChannelManager)
[2018-03-23 18:15:13,832] INFO [Controller 0]: Partitions being reassigned: Map() (kafka.controller.KafkaController)
[2018-03-23 18:15:13,833] INFO [Controller 0]: Partitions already reassigned: Set() (kafka.controller.KafkaController)
[2018-03-23 18:15:13,833] INFO [Controller 0]: Resuming reassignment of partitions: Map() (kafka.controller.KafkaController)
[2018-03-23 18:15:13,854] INFO [Controller 0]: Currently active brokers in the cluster: Set(0) (kafka.controller.KafkaController)
[2018-03-23 18:15:13,854] INFO [Controller 0]: Currently shutting brokers in the cluster: Set() (kafka.controller.KafkaController)
[2018-03-23 18:15:13,855] INFO [Controller 0]: Current list of topics in the cluster: Set() (kafka.controller.KafkaController)
[2018-03-23 18:15:13,865] INFO [Controller 0]: List of topics to be deleted:  (kafka.controller.KafkaController)
[2018-03-23 18:15:13,866] INFO [Controller 0]: List of topics ineligible for deletion:  (kafka.controller.KafkaController)
[2018-03-23 18:15:13,874] INFO [Replica state machine on controller 0]: Started replica state machine with initial state -> Map() (kafka.controller.ReplicaStateMachine)
[2018-03-23 18:15:13,874] INFO [Partition state machine on Controller 0]: Started partition state machine with initial state -> Map() (kafka.controller.PartitionStateMachine)
[2018-03-23 18:15:13,874] INFO [Controller 0]: Broker 0 is ready to serve as the new controller with epoch 7 (kafka.controller.KafkaController)
[2018-03-23 18:15:13,876] INFO [Controller 0]: Partitions undergoing preferred replica election:  (kafka.controller.KafkaController)
[2018-03-23 18:15:13,876] INFO [Controller 0]: Partitions that completed preferred replica election:  (kafka.controller.KafkaController)
[2018-03-23 18:15:13,911] INFO [Controller 0]: Skipping preferred replica election for partitions due to topic deletion:  (kafka.controller.KafkaController)
[2018-03-23 18:15:13,912] INFO [Controller 0]: Resuming preferred replica election for partitions:  (kafka.controller.KafkaController)
[2018-03-23 18:15:13,912] INFO [Controller 0]: Starting preferred replica leader election for partitions  (kafka.controller.KafkaController)
[2018-03-23 18:15:13,916] INFO [Partition state machine on Controller 0]: Invoking state change to OnlinePartition for partitions  (kafka.controller.PartitionStateMachine)
[2018-03-23 18:15:14,086] INFO [Controller 0]: starting the controller scheduler (kafka.controller.KafkaController)
[2018-03-23 18:15:14,088] INFO [Controller-0-to-broker-0-send-thread]: Starting (kafka.controller.RequestSendThread)
[2018-03-23 18:15:14,177] INFO [Controller-0-to-broker-0-send-thread]: Controller 0 connected to knoldus-Vostro-3550:9092 (id: 0 rack: null) for sending state change requests (kafka.controller.RequestSendThread)
[2018-03-23 18:15:17,875] INFO [Controller 0]: Newly added brokers: , deleted brokers: , all live brokers: 0 (kafka.controller.KafkaController)
[2018-03-23 18:15:17,876] DEBUG [Controller 0]: Delete topics listener fired for topics  to be deleted (kafka.controller.KafkaController)
[2018-03-23 18:15:17,878] INFO [Controller 0]: New topics: [Set()], deleted topics: [Set()], new partition replica assignment [Map()] (kafka.controller.KafkaController)
[2018-03-23 18:15:22,787] DEBUG [Controller 0]: Broker 0 has been elected as the controller, so stopping the election process. (kafka.controller.KafkaController)
[2018-03-23 18:15:22,806] TRACE [Controller 0]: Checking need to trigger auto leader balancing (kafka.controller.KafkaController)
[2018-03-23 18:15:22,806] DEBUG [Controller 0]: Preferred replicas by broker Map() (kafka.controller.KafkaController)
[2018-03-23 18:15:22,810] TRACE [Controller 0]: Checking need to trigger auto leader balancing (kafka.controller.KafkaController)
[2018-03-23 18:15:22,810] DEBUG [Controller 0]: Preferred replicas by broker Map() (kafka.controller.KafkaController)
[2018-03-23 18:20:22,807] TRACE [Controller 0]: Checking need to trigger auto leader balancing (kafka.controller.KafkaController)
[2018-03-23 18:20:25,763] DEBUG [Controller 0]: Preferred replicas by broker Map() (kafka.controller.KafkaController)
[2018-03-23 18:20:25,904] TRACE [Controller 0]: Checking need to trigger auto leader balancing (kafka.controller.KafkaController)
[2018-03-23 18:20:25,905] DEBUG [Controller 0]: Preferred replicas by broker Map() (kafka.controller.KafkaController)
[2018-03-23 18:25:25,904] TRACE [Controller 0]: Checking need to trigger auto leader balancing (kafka.controller.KafkaController)
[2018-03-23 18:25:25,912] DEBUG [Controller 0]: Preferred replicas by broker Map() (kafka.controller.KafkaController)
[2018-03-23 18:25:25,929] TRACE [Controller 0]: Checking need to trigger auto leader balancing (kafka.controller.KafkaController)
[2018-03-23 18:25:25,929] DEBUG [Controller 0]: Preferred replicas by broker Map() (kafka.controller.KafkaController)
[2018-03-23 18:30:25,916] TRACE [Controller 0]: Checking need to trigger auto leader balancing (kafka.controller.KafkaController)
[2018-03-23 18:30:25,943] DEBUG [Controller 0]: Preferred replicas by broker Map() (kafka.controller.KafkaController)
[2018-03-23 18:30:25,947] TRACE [Controller 0]: Checking need to trigger auto leader balancing (kafka.controller.KafkaController)
[2018-03-23 18:30:25,964] DEBUG [Controller 0]: Preferred replicas by broker Map() (kafka.controller.KafkaController)
[2018-03-23 18:35:25,943] TRACE [Controller 0]: Checking need to trigger auto leader balancing (kafka.controller.KafkaController)
[2018-03-23 18:35:25,953] DEBUG [Controller 0]: Preferred replicas by broker Map() (kafka.controller.KafkaController)
[2018-03-23 18:35:25,965] TRACE [Controller 0]: Checking need to trigger auto leader balancing (kafka.controller.KafkaController)
[2018-03-23 18:35:25,970] DEBUG [Controller 0]: Preferred replicas by broker Map() (kafka.controller.KafkaController)
[2018-03-23 18:40:25,954] TRACE [Controller 0]: Checking need to trigger auto leader balancing (kafka.controller.KafkaController)
[2018-03-23 18:40:25,975] DEBUG [Controller 0]: Preferred replicas by broker Map() (kafka.controller.KafkaController)
[2018-03-23 18:40:25,976] TRACE [Controller 0]: Checking need to trigger auto leader balancing (kafka.controller.KafkaController)
[2018-03-23 18:40:25,976] DEBUG [Controller 0]: Preferred replicas by broker Map() (kafka.controller.KafkaController)
[2018-03-23 18:42:27,166] INFO [Controller 0]: Shutting down broker 0 (kafka.controller.KafkaController)
[2018-03-23 18:42:27,749] DEBUG [Controller 0]: All shutting down brokers: 0 (kafka.controller.KafkaController)
[2018-03-23 18:42:28,295] DEBUG [Controller 0]: Live brokers:  (kafka.controller.KafkaController)
[2018-03-23 18:42:29,907] TRACE [Controller 0]: All leaders =  (kafka.controller.KafkaController)
